{"recorder_version":"40","session":"bfef1d978222","build":"201.8743.12.41.6953283","bucket":"104","time":1605892104014,"group":{"id":"settings","version":"4"},"event":{"state":true,"data":{"component":"validation.undefined_rule","created":1605892104028},"id":"invoked"}}
{"recorder_version":"40","session":"bfef1d978222","build":"201.8743.12.41.6953283","bucket":"104","time":1605892104014,"group":{"id":"settings","version":"4"},"event":{"state":true,"data":{"component":"validation.undefined_rule","created":1605892104207},"id":"invoked"}}
{"recorder_version":"40","session":"bfef1d978222","build":"201.8743.12.41.6953283","bucket":"104","time":1605892104015,"group":{"id":"system.java","version":"1"},"event":{"state":true,"data":{"created":1605892104217,"version":"validation.undefined_rule"},"id":"validation.undefined_rule"}}
{"recorder_version":"40","session":"bfef1d978222","build":"201.8743.12.41.6953283","bucket":"104","time":1605892104015,"group":{"id":"system.java","version":"1"},"event":{"state":true,"data":{"created":1605892104218},"id":"invoked"}}
{"recorder_version":"40","session":"bfef1d978222","build":"201.8743.12.41.6953283","bucket":"104","time":1605892104207,"group":{"id":"system.os","version":"3"},"event":{"state":true,"data":{"created":1605892104218,"version":"validation.undefined_rule"},"id":"validation.undefined_rule"}}
{"recorder_version":"40","session":"bfef1d978222","build":"201.8743.12.41.6953283","bucket":"104","time":1605892104207,"group":{"id":"system.os","version":"3"},"event":{"state":true,"data":{"created":1605892104218,"name":"validation.undefined_rule","version":"validation.undefined_rule"},"id":"validation.undefined_rule"}}
{"recorder_version":"40","session":"bfef1d978222","build":"201.8743.12.41.6953283","bucket":"104","time":1605892104207,"group":{"id":"system.os","version":"3"},"event":{"state":true,"data":{"created":1605892104218,"value":"validation.undefined_rule"},"id":"validation.undefined_rule"}}
{"recorder_version":"40","session":"bfef1d978222","build":"201.8743.12.41.6953283","bucket":"104","time":1605892104207,"group":{"id":"system.os","version":"3"},"event":{"state":true,"data":{"created":1605892104219},"id":"invoked"}}
{"recorder_version":"40","session":"bfef1d978222","build":"201.8743.12.41.6953283","bucket":"104","time":1605892104229,"group":{"id":"settings","version":"4"},"event":{"state":true,"data":{"component":"validation.undefined_rule","created":1605892104229},"id":"invoked"}}
{"recorder_version":"40","session":"bfef1d978222","build":"201.8743.12.41.6953283","bucket":"104","time":1605892105670,"group":{"id":"settings","version":"4"},"event":{"state":true,"data":{"component":"validation.undefined_rule","created":1605892105670},"id":"invoked"}}
{"recorder_version":"40","session":"bfef1d978222","build":"201.8743.12.41.6953283","bucket":"104","time":1605892105697,"group":{"id":"settings","version":"4"},"event":{"state":true,"data":{"component":"validation.undefined_rule","created":1605892105698},"id":"invoked"}}
{"recorder_version":"40","session":"bfef1d978222","build":"201.8743.12.41.6953283","bucket":"104","time":1605892106348,"group":{"id":"settings","version":"4"},"event":{"state":true,"data":{"component":"validation.undefined_rule","created":1605892106348,"name":"validation.undefined_rule","type":"validation.undefined_rule","value":"validation.undefined_rule"},"id":"validation.undefined_rule"}}
{"recorder_version":"40","session":"bfef1d978222","build":"201.8743.12.41.6953283","bucket":"104","time":1605892106348,"group":{"id":"settings","version":"4"},"event":{"state":true,"data":{"component":"validation.undefined_rule","created":1605892106349,"name":"validation.undefined_rule","type":"validation.undefined_rule","value":"validation.undefined_rule"},"id":"validation.undefined_rule"}}
{"recorder_version":"40","session":"bfef1d978222","build":"201.8743.12.41.6953283","bucket":"104","time":1605892106348,"group":{"id":"settings","version":"4"},"event":{"state":true,"data":{"component":"validation.undefined_rule","created":1605892106349},"id":"invoked"}}
{"recorder_version":"40","session":"bfef1d978222","build":"201.8743.12.41.6953283","bucket":"104","time":1605892106484,"group":{"id":"performance","version":"40"},"event":{"count":3,"data":{"duration_ms":"validation.undefined_rule","last":1605892106485,"created":1605892106485},"id":"validation.undefined_rule"}}
{"recorder_version":"40","session":"bfef1d978222","build":"201.8743.12.41.6953283","bucket":"104","time":1605892106767,"group":{"id":"settings","version":"4"},"event":{"state":true,"data":{"component":"validation.undefined_rule","created":1605892106767},"id":"invoked"}}
{"recorder_version":"40","session":"bfef1d978222","build":"201.8743.12.41.6953283","bucket":"104","time":1605892106806,"group":{"id":"settings","version":"4"},"event":{"state":true,"data":{"component":"validation.undefined_rule","created":1605892106806},"id":"invoked"}}
{"recorder_version":"40","session":"bfef1d978222","build":"201.8743.12.41.6953283","bucket":"104","time":1605892106809,"group":{"id":"settings","version":"4"},"event":{"state":true,"data":{"component":"validation.undefined_rule","created":1605892106809},"id":"invoked"}}
{"recorder_version":"40","session":"bfef1d978222","build":"201.8743.12.41.6953283","bucket":"104","time":1605892106814,"group":{"id":"settings","version":"4"},"event":{"state":true,"data":{"component":"validation.undefined_rule","created":1605892106814},"id":"invoked"}}
{"recorder_version":"40","session":"bfef1d978222","build":"201.8743.12.41.6953283","bucket":"104","time":1605892106814,"group":{"id":"settings","version":"4"},"event":{"state":true,"data":{"component":"validation.undefined_rule","created":1605892106814},"id":"invoked"}}
{"recorder_version":"40","session":"bfef1d978222","build":"201.8743.12.41.6953283","bucket":"104","time":1605892106825,"group":{"id":"settings","version":"4"},"event":{"state":true,"data":{"component":"validation.undefined_rule","created":1605892106825},"id":"invoked"}}
{"recorder_version":"40","session":"bfef1d978222","build":"201.8743.12.41.6953283","bucket":"104","time":1605892106825,"group":{"id":"settings","version":"4"},"event":{"state":true,"data":{"component":"validation.undefined_rule","created":1605892106825},"id":"invoked"}}
{"recorder_version":"40","session":"bfef1d978222","build":"201.8743.12.41.6953283","bucket":"104","time":1605892107797,"group":{"id":"performance","version":"40"},"event":{"count":1,"data":{"duration_ms":"validation.undefined_rule","created":1605892107797},"id":"validation.undefined_rule"}}
{"recorder_version":"40","session":"bfef1d978222","build":"201.8743.12.41.6953283","bucket":"104","time":1605892108147,"group":{"id":"ui.dialogs","version":"40"},"event":{"count":1,"data":{"created":1605892108147,"dialog_class":"validation.undefined_rule"},"id":"validation.undefined_rule"}}
{"recorder_version":"40","session":"bfef1d978222","build":"201.8743.12.41.6953283","bucket":"104","time":1605892108876,"group":{"id":"ui.dialogs","version":"40"},"event":{"count":1,"data":{"code":"validation.undefined_rule","created":1605892108877,"dialog_class":"validation.undefined_rule"},"id":"validation.undefined_rule"}}
{"recorder_version":"40","session":"bfef1d978222","build":"201.8743.12.41.6953283","bucket":"104","time":1605892109203,"group":{"id":"performance","version":"40"},"event":{"count":1,"data":{"duration_ms":"validation.undefined_rule","created":1605892109203},"id":"validation.undefined_rule"}}
{"recorder_version":"40","session":"bfef1d978222","build":"201.8743.12.41.6953283","bucket":"104","time":1605892109204,"group":{"id":"lifecycle","version":"40"},"event":{"count":1,"data":{"internal":"validation.undefined_rule","eap":"validation.undefined_rule","created":1605892109204},"id":"validation.undefined_rule"}}
{"recorder_version":"40","session":"bfef1d978222","build":"201.8743.12.41.6953283","bucket":"104","time":1605892155817,"group":{"id":"settings","version":"4"},"event":{"state":true,"data":{"component":"validation.undefined_rule","created":1605892155817},"id":"invoked"}}
{"recorder_version":"40","session":"bfef1d978222","build":"201.8743.12.41.6953283","bucket":"104","time":1605892207112,"group":{"id":"performance","version":"40"},"event":{"count":1,"data":{"duration_ms":"validation.undefined_rule","created":1605892207112},"id":"validation.undefined_rule"}}
{"recorder_version":"40","session":"bfef1d978222","build":"201.8743.12.41.6953283","bucket":"104","time":1605892307303,"group":{"id":"performance","version":"40"},"event":{"count":1,"data":{"duration_ms":"validation.undefined_rule","created":1605892307303},"id":"validation.undefined_rule"}}
{"recorder_version":"40","session":"bfef1d978222","build":"201.8743.12.41.6953283","bucket":"104","time":1605892309883,"group":{"id":"actions","version":"40"},"event":{"count":1,"data":{"context_menu":"validation.undefined_rule","plugin_version":"validation.undefined_rule","plugin":"validation.undefined_rule","action_id":"validation.undefined_rule","created":1605892309883,"plugin_type":"validation.undefined_rule","place":"validation.undefined_rule","class":"validation.undefined_rule","input_event":"validation.undefined_rule"},"id":"validation.undefined_rule"}}
{"recorder_version":"40","session":"bfef1d978222","build":"201.8743.12.41.6953283","bucket":"104","time":1605892310021,"group":{"id":"ui.dialogs","version":"40"},"event":{"count":1,"data":{"created":1605892310021,"dialog_class":"validation.undefined_rule"},"id":"validation.undefined_rule"}}
{"recorder_version":"40","session":"bfef1d978222","build":"201.8743.12.41.6953283","bucket":"104","time":1605892310584,"group":{"id":"performance","version":"40"},"event":{"count":2,"data":{"duration_ms":"validation.undefined_rule","last":1605892313524,"created":1605892310584},"id":"validation.undefined_rule"}}
{"recorder_version":"40","session":"bfef1d978222","build":"201.8743.12.41.6953283","bucket":"104","time":1605892313524,"group":{"id":"lifecycle","version":"40"},"event":{"count":1,"data":{"created":1605892313524,"project":"validation.undefined_rule"},"id":"validation.undefined_rule"}}
{"recorder_version":"40","session":"bfef1d978222","build":"201.8743.12.41.6953283","bucket":"104","time":1605892313979,"group":{"id":"toolwindow","version":"40"},"event":{"count":2,"data":{"last":1605892313979,"ViewMode":"validation.undefined_rule","created":1605892313979,"plugin_type":"validation.undefined_rule","id":"validation.undefined_rule","Location":"validation.undefined_rule"},"id":"validation.undefined_rule"}}
{"recorder_version":"40","session":"bfef1d978222","build":"201.8743.12.41.6953283","bucket":"104","time":1605892314011,"group":{"id":"settings","version":"4"},"event":{"state":true,"data":{"component":"validation.undefined_rule","created":1605892314011},"id":"invoked"}}
{"recorder_version":"40","session":"bfef1d978222","build":"201.8743.12.41.6953283","bucket":"104","time":1605892314278,"group":{"id":"indexing","version":"2"},"event":{"count":1,"data":{"ide_activity_id":"validation.undefined_rule","created":1605892314278,"project":"validation.undefined_rule"},"id":"validation.undefined_rule"}}
{"recorder_version":"40","session":"bfef1d978222","build":"201.8743.12.41.6953283","bucket":"104","time":1605892314375,"group":{"id":"toolwindow","version":"40"},"event":{"count":1,"data":{"ViewMode":"validation.undefined_rule","created":1605892314375,"plugin_type":"validation.undefined_rule","id":"validation.undefined_rule","Location":"validation.undefined_rule"},"id":"validation.undefined_rule"}}
{"recorder_version":"40","session":"bfef1d978222","build":"201.8743.12.41.6953283","bucket":"104","time":1605892314386,"group":{"id":"indexing","version":"2"},"event":{"count":1,"data":{"ide_activity_id":"validation.undefined_rule","stage_class":"validation.undefined_rule","created":1605892314386},"id":"validation.undefined_rule"}}
{"recorder_version":"40","session":"bfef1d978222","build":"201.8743.12.41.6953283","bucket":"104","time":1605892317389,"group":{"id":"performance","version":"40"},"event":{"count":2,"data":{"duration_ms":"validation.undefined_rule","last":1605892317415,"created":1605892317389},"id":"validation.undefined_rule"}}
{"recorder_version":"40","session":"bfef1d978222","build":"201.8743.12.41.6953283","bucket":"104","time":1605892317704,"group":{"id":"toolwindow","version":"40"},"event":{"count":1,"data":{"ViewMode":"validation.undefined_rule","created":1605892317704,"plugin_type":"validation.undefined_rule","id":"validation.undefined_rule","Location":"validation.undefined_rule"},"id":"validation.undefined_rule"}}
{"recorder_version":"40","session":"bfef1d978222","build":"201.8743.12.41.6953283","bucket":"104","time":1605892317705,"group":{"id":"indexing","version":"2"},"event":{"count":1,"data":{"ide_activity_id":"validation.undefined_rule","stage_class":"validation.undefined_rule","created":1605892317705},"id":"validation.undefined_rule"}}
{"recorder_version":"40","session":"bfef1d978222","build":"201.8743.12.41.6953283","bucket":"104","time":1605892317708,"group":{"id":"toolwindow","version":"40"},"event":{"count":1,"data":{"ViewMode":"validation.undefined_rule","created":1605892317709,"plugin_type":"validation.undefined_rule","id":"validation.undefined_rule","Location":"validation.undefined_rule"},"id":"validation.undefined_rule"}}
{"recorder_version":"40","session":"bfef1d978222","build":"201.8743.12.41.6953283","bucket":"104","time":1605892317745,"group":{"id":"vfs","version":"2"},"event":{"count":1,"data":{"duration_ms":"validation.undefined_rule","finish_time_ms":"validation.undefined_rule","created":1605892317745,"start_time_ms":"validation.undefined_rule"},"id":"validation.undefined_rule"}}
{"recorder_version":"40","session":"bfef1d978222","build":"201.8743.12.41.6953283","bucket":"104","time":1605892317903,"group":{"id":"project.fs","version":"1"},"event":{"state":true,"data":{"cs-project":"validation.undefined_rule","created":1605892317903,"project":"validation.undefined_rule","cs-implicit":"validation.undefined_rule","cs-system":"validation.undefined_rule"},"id":"validation.undefined_rule"}}
{"recorder_version":"40","session":"bfef1d978222","build":"201.8743.12.41.6953283","bucket":"104","time":1605892317903,"group":{"id":"project.fs","version":"1"},"event":{"state":true,"data":{"created":1605892317903},"id":"invoked"}}
{"recorder_version":"40","session":"bfef1d978222","build":"201.8743.12.41.6953283","bucket":"104","time":1605892317904,"group":{"id":"project.fs","version":"1"},"event":{"state":true,"data":{"pct-non-watched":"validation.undefined_rule","created":1605892317904,"project":"validation.undefined_rule"},"id":"validation.undefined_rule"}}
{"recorder_version":"40","session":"bfef1d978222","build":"201.8743.12.41.6953283","bucket":"104","time":1605892317904,"group":{"id":"project.fs","version":"1"},"event":{"state":true,"data":{"created":1605892317904},"id":"invoked"}}
{"recorder_version":"40","session":"bfef1d978222","build":"201.8743.12.41.6953283","bucket":"104","time":1605892317955,"group":{"id":"toolwindow","version":"40"},"event":{"count":2,"data":{"last":1605892317967,"ViewMode":"validation.undefined_rule","created":1605892317955,"plugin_type":"validation.undefined_rule","id":"validation.undefined_rule","Location":"validation.undefined_rule"},"id":"validation.undefined_rule"}}
{"recorder_version":"40","session":"bfef1d978222","build":"201.8743.12.41.6953283","bucket":"104","time":1605892318023,"group":{"id":"lifecycle","version":"40"},"event":{"count":1,"data":{"duration_ms":"validation.undefined_rule","created":1605892318023,"project":"validation.undefined_rule"},"id":"validation.undefined_rule"}}
{"recorder_version":"40","session":"bfef1d978222","build":"201.8743.12.41.6953283","bucket":"104","time":1605892318108,"group":{"id":"indexing","version":"2"},"event":{"count":1,"data":{"ide_activity_id":"validation.undefined_rule","stage_class":"validation.undefined_rule","created":1605892318108},"id":"validation.undefined_rule"}}
{"recorder_version":"40","session":"bfef1d978222","build":"201.8743.12.41.6953283","bucket":"104","time":1605892319230,"group":{"id":"performance","version":"40"},"event":{"count":1,"data":{"duration_ms":"validation.undefined_rule","created":1605892319231},"id":"validation.undefined_rule"}}
{"recorder_version":"40","session":"bfef1d978222","build":"201.8743.12.41.6953283","bucket":"104","time":1605892319236,"group":{"id":"indexing","version":"2"},"event":{"count":1,"data":{"ide_activity_id":"validation.undefined_rule","stage_class":"validation.undefined_rule","created":1605892319236},"id":"validation.undefined_rule"}}
{"recorder_version":"40","session":"bfef1d978222","build":"201.8743.12.41.6953283","bucket":"104","time":1605892319374,"group":{"id":"toolwindow","version":"40"},"event":{"count":1,"data":{"ViewMode":"validation.undefined_rule","created":1605892319374,"plugin_type":"validation.undefined_rule","id":"validation.undefined_rule","Location":"validation.undefined_rule"},"id":"validation.undefined_rule"}}
{"recorder_version":"40","session":"bfef1d978222","build":"201.8743.12.41.6953283","bucket":"104","time":1605892319375,"group":{"id":"indexing","version":"2"},"event":{"count":1,"data":{"ide_activity_id":"validation.undefined_rule","stage_class":"validation.undefined_rule","created":1605892319375},"id":"validation.undefined_rule"}}
{"recorder_version":"40","session":"bfef1d978222","build":"201.8743.12.41.6953283","bucket":"104","time":1605892322916,"group":{"id":"startup","version":"1"},"event":{"count":4,"data":{"duration":"validation.undefined_rule","last":1605892322916,"created":1605892322916},"id":"validation.undefined_rule"}}
{"recorder_version":"40","session":"bfef1d978222","build":"201.8743.12.41.6953283","bucket":"104","time":1605892328376,"group":{"id":"indexing","version":"2"},"event":{"count":1,"data":{"duration_ms":"validation.undefined_rule","ide_activity_id":"validation.undefined_rule","created":1605892328376},"id":"validation.undefined_rule"}}
{"recorder_version":"40","session":"bfef1d978222","build":"201.8743.12.41.6953283","bucket":"104","time":1605892328406,"group":{"id":"indexing","version":"2"},"event":{"count":1,"data":{"ide_activity_id":"validation.undefined_rule","created":1605892328406,"project":"validation.undefined_rule"},"id":"validation.undefined_rule"}}
{"recorder_version":"40","session":"bfef1d978222","build":"201.8743.12.41.6953283","bucket":"104","time":1605892328435,"group":{"id":"indexing","version":"2"},"event":{"count":2,"data":{"ide_activity_id":"validation.undefined_rule","last":1605892328442,"stage_class":"validation.undefined_rule","created":1605892328436},"id":"validation.undefined_rule"}}
{"recorder_version":"40","session":"bfef1d978222","build":"201.8743.12.41.6953283","bucket":"104","time":1605892328475,"group":{"id":"indexing","version":"2"},"event":{"count":1,"data":{"duration_ms":"validation.undefined_rule","ide_activity_id":"validation.undefined_rule","created":1605892328475},"id":"validation.undefined_rule"}}
{"recorder_version":"40","session":"bfef1d978222","build":"201.8743.12.41.6953283","bucket":"104","time":1605892328483,"group":{"id":"indexing","version":"2"},"event":{"count":1,"data":{"ide_activity_id":"validation.undefined_rule","created":1605892328483,"project":"validation.undefined_rule"},"id":"validation.undefined_rule"}}
{"recorder_version":"40","session":"bfef1d978222","build":"201.8743.12.41.6953283","bucket":"104","time":1605892328484,"group":{"id":"indexing","version":"2"},"event":{"count":1,"data":{"ide_activity_id":"validation.undefined_rule","stage_class":"validation.undefined_rule","created":1605892328484},"id":"validation.undefined_rule"}}
{"recorder_version":"40","session":"bfef1d978222","build":"201.8743.12.41.6953283","bucket":"104","time":1605892328486,"group":{"id":"indexing","version":"2"},"event":{"count":1,"data":{"duration_ms":"validation.undefined_rule","ide_activity_id":"validation.undefined_rule","created":1605892328486},"id":"validation.undefined_rule"}}
{"recorder_version":"40","session":"bfef1d978222","build":"201.8743.12.41.6953283","bucket":"104","time":1605892328595,"group":{"id":"notifications","version":"40"},"event":{"count":1,"data":{"severity":"validation.undefined_rule","notification_group":"validation.undefined_rule","plugin_version":"validation.undefined_rule","plugin":"validation.undefined_rule","created":1605892328595,"plugin_type":"validation.undefined_rule","project":"validation.undefined_rule","id":"validation.undefined_rule"},"id":"validation.undefined_rule"}}
{"recorder_version":"40","session":"bfef1d978222","build":"201.8743.12.41.6953283","bucket":"104","time":1605892328621,"group":{"id":"project.import","version":"2"},"event":{"count":1,"data":{"ide_activity_id":"validation.undefined_rule","system_id":"validation.undefined_rule","created":1605892328621,"project":"validation.undefined_rule"},"id":"validation.undefined_rule"}}
{"recorder_version":"40","session":"bfef1d978222","build":"201.8743.12.41.6953283","bucket":"104","time":1605892329000,"group":{"id":"file.types.usage","version":"40"},"event":{"count":2,"data":{"file_path":"validation.undefined_rule","last":1605892329039,"file_type":"validation.undefined_rule","created":1605892329000,"plugin_type":"validation.undefined_rule","project":"validation.undefined_rule"},"id":"validation.undefined_rule"}}
{"recorder_version":"40","session":"bfef1d978222","build":"201.8743.12.41.6953283","bucket":"104","time":1605892329214,"group":{"id":"lifecycle","version":"40"},"event":{"count":1,"data":{"error_hash":"validation.undefined_rule","created":1605892329214,"plugin_type":"validation.undefined_rule","error_frames":"validation.undefined_rule","error":"validation.undefined_rule","error_size":"validation.undefined_rule"},"id":"validation.undefined_rule"}}
{"recorder_version":"40","session":"bfef1d978222","build":"201.8743.12.41.6953283","bucket":"104","time":1605892329465,"group":{"id":"performance","version":"40"},"event":{"count":1,"data":{"duration_ms":"validation.undefined_rule","created":1605892329466},"id":"validation.undefined_rule"}}
{"recorder_version":"40","session":"bfef1d978222","build":"201.8743.12.41.6953283","bucket":"104","time":1605892329511,"group":{"id":"file.types.usage","version":"40"},"event":{"count":2,"data":{"file_path":"validation.undefined_rule","plugin_version":"validation.undefined_rule","plugin":"validation.undefined_rule","last":1605892329515,"file_type":"validation.undefined_rule","created":1605892329511,"plugin_type":"validation.undefined_rule","project":"validation.undefined_rule"},"id":"validation.undefined_rule"}}
{"recorder_version":"40","session":"bfef1d978222","build":"201.8743.12.41.6953283","bucket":"104","time":1605892329518,"group":{"id":"file.types.usage","version":"40"},"event":{"count":1,"data":{"file_path":"validation.undefined_rule","file_type":"validation.undefined_rule","created":1605892329518,"plugin_type":"validation.undefined_rule","project":"validation.undefined_rule"},"id":"validation.undefined_rule"}}
{"recorder_version":"40","session":"bfef1d978222","build":"201.8743.12.41.6953283","bucket":"104","time":1605892329519,"group":{"id":"file.types.usage","version":"40"},"event":{"count":1,"data":{"file_path":"validation.undefined_rule","plugin_version":"validation.undefined_rule","plugin":"validation.undefined_rule","file_type":"validation.undefined_rule","created":1605892329519,"plugin_type":"validation.undefined_rule","project":"validation.undefined_rule"},"id":"validation.undefined_rule"}}
{"recorder_version":"40","session":"bfef1d978222","build":"201.8743.12.41.6953283","bucket":"104","time":1605892397528,"group":{"id":"indexing","version":"2"},"event":{"count":1,"data":{"ide_activity_id":"validation.undefined_rule","created":1605892397528,"project":"validation.undefined_rule"},"id":"validation.undefined_rule"}}
{"recorder_version":"40","session":"bfef1d978222","build":"201.8743.12.41.6953283","bucket":"104","time":1605892397529,"group":{"id":"indexing","version":"2"},"event":{"count":1,"data":{"ide_activity_id":"validation.undefined_rule","stage_class":"validation.undefined_rule","created":1605892397530},"id":"validation.undefined_rule"}}
{"recorder_version":"40","session":"bfef1d978222","build":"201.8743.12.41.6953283","bucket":"104","time":1605892398554,"group":{"id":"notifications","version":"40"},"event":{"count":1,"data":{"display_type":"validation.undefined_rule","severity":"validation.undefined_rule","notification_group":"validation.undefined_rule","plugin_version":"validation.undefined_rule","is_expandable":"validation.undefined_rule","plugin":"validation.undefined_rule","created":1605892398554,"plugin_type":"validation.undefined_rule","project":"validation.undefined_rule","id":"validation.undefined_rule"},"id":"validation.undefined_rule"}}
{"recorder_version":"40","session":"bfef1d978222","build":"201.8743.12.41.6953283","bucket":"104","time":1605892398558,"group":{"id":"notifications","version":"40"},"event":{"count":5,"data":{"severity":"validation.undefined_rule","notification_group":"validation.undefined_rule","plugin_version":"validation.undefined_rule","plugin":"validation.undefined_rule","last":1605892398872,"created":1605892398558,"plugin_type":"validation.undefined_rule","project":"validation.undefined_rule","id":"validation.undefined_rule"},"id":"validation.undefined_rule"}}
{"recorder_version":"40","session":"bfef1d978222","build":"201.8743.12.41.6953283","bucket":"104","time":1605892398882,"group":{"id":"project.import","version":"2"},"event":{"count":1,"data":{"duration_ms":"validation.undefined_rule","ide_activity_id":"validation.undefined_rule","created":1605892398882},"id":"validation.undefined_rule"}}
{"recorder_version":"40","session":"bfef1d978222","build":"201.8743.12.41.6953283","bucket":"104","time":1605892398928,"group":{"id":"indexing","version":"2"},"event":{"count":1,"data":{"ide_activity_id":"validation.undefined_rule","stage_class":"validation.undefined_rule","created":1605892398928},"id":"validation.undefined_rule"}}
{"recorder_version":"40","session":"bfef1d978222","build":"201.8743.12.41.6953283","bucket":"104","time":1605892401879,"group":{"id":"vfs","version":"2"},"event":{"count":1,"data":{"duration_ms":"validation.undefined_rule","finish_time_ms":"validation.undefined_rule","created":1605892401879,"start_time_ms":"validation.undefined_rule"},"id":"validation.undefined_rule"}}
{"recorder_version":"40","session":"bfef1d978222","build":"201.8743.12.41.6953283","bucket":"104","time":1605892401923,"group":{"id":"indexing","version":"2"},"event":{"count":2,"data":{"ide_activity_id":"validation.undefined_rule","last":1605892401928,"stage_class":"validation.undefined_rule","created":1605892401923},"id":"validation.undefined_rule"}}
{"recorder_version":"40","session":"bfef1d978222","build":"201.8743.12.41.6953283","bucket":"104","time":1605892406484,"group":{"id":"java.find.usages","version":"1"},"event":{"count":1,"data":{"created":1605892406484},"id":"registered"}}
{"recorder_version":"40","session":"bfef1d978222","build":"201.8743.12.41.6953283","bucket":"104","time":1605892406484,"group":{"id":"file.types.usage","version":"40"},"event":{"count":1,"data":{"created":1605892406484},"id":"registered"}}
{"recorder_version":"40","session":"bfef1d978222","build":"201.8743.12.41.6953283","bucket":"104","time":1605892406484,"group":{"id":"ide.script.engine","version":"2"},"event":{"count":1,"data":{"created":1605892406484},"id":"registered"}}
{"recorder_version":"40","session":"bfef1d978222","build":"201.8743.12.41.6953283","bucket":"104","time":1605892406484,"group":{"id":"debugger.evaluate.usage","version":"1"},"event":{"count":1,"data":{"created":1605892406484},"id":"registered"}}
{"recorder_version":"40","session":"bfef1d978222","build":"201.8743.12.41.6953283","bucket":"104","time":1605892406484,"group":{"id":"move.refactoring","version":"1"},"event":{"count":1,"data":{"created":1605892406484},"id":"registered"}}
{"recorder_version":"40","session":"bfef1d978222","build":"201.8743.12.41.6953283","bucket":"104","time":1605892406484,"group":{"id":"oc.clangd.crash","version":"1"},"event":{"count":1,"data":{"created":1605892406484},"id":"registered"}}
{"recorder_version":"40","session":"bfef1d978222","build":"201.8743.12.41.6953283","bucket":"104","time":1605892406484,"group":{"id":"live.templates","version":"46"},"event":{"count":1,"data":{"created":1605892406485},"id":"registered"}}
{"recorder_version":"40","session":"bfef1d978222","build":"201.8743.12.41.6953283","bucket":"104","time":1605892406484,"group":{"id":"ide.self.update","version":"2"},"event":{"count":1,"data":{"created":1605892406485},"id":"registered"}}
{"recorder_version":"40","session":"bfef1d978222","build":"201.8743.12.41.6953283","bucket":"104","time":1605892406484,"group":{"id":"lifecycle","version":"40"},"event":{"count":1,"data":{"created":1605892406485},"id":"registered"}}
{"recorder_version":"40","session":"bfef1d978222","build":"201.8743.12.41.6953283","bucket":"104","time":1605892406484,"group":{"id":"vcs.diff.trigger","version":"1"},"event":{"count":1,"data":{"created":1605892406485},"id":"registered"}}
{"recorder_version":"40","session":"bfef1d978222","build":"201.8743.12.41.6953283","bucket":"104","time":1605892406484,"group":{"id":"debugger.breakpoints.usage","version":"2"},"event":{"count":1,"data":{"created":1605892406485},"id":"registered"}}
{"recorder_version":"40","session":"bfef1d978222","build":"201.8743.12.41.6953283","bucket":"104","time":1605892406484,"group":{"id":"startup","version":"1"},"event":{"count":1,"data":{"created":1605892406485},"id":"registered"}}
{"recorder_version":"40","session":"bfef1d978222","build":"201.8743.12.41.6953283","bucket":"104","time":1605892406484,"group":{"id":"find","version":"3"},"event":{"count":1,"data":{"created":1605892406485},"id":"registered"}}
{"recorder_version":"40","session":"bfef1d978222","build":"201.8743.12.41.6953283","bucket":"104","time":1605892406484,"group":{"id":"gutter.icon.click","version":"2"},"event":{"count":1,"data":{"created":1605892406485},"id":"registered"}}
{"recorder_version":"40","session":"bfef1d978222","build":"201.8743.12.41.6953283","bucket":"104","time":1605892406484,"group":{"id":"shell.script","version":"1"},"event":{"count":1,"data":{"created":1605892406485},"id":"registered"}}
{"recorder_version":"40","session":"bfef1d978222","build":"201.8743.12.41.6953283","bucket":"104","time":1605892406484,"group":{"id":"intellij.cds","version":"2"},"event":{"count":1,"data":{"created":1605892406485},"id":"registered"}}
{"recorder_version":"40","session":"bfef1d978222","build":"201.8743.12.41.6953283","bucket":"104","time":1605892406484,"group":{"id":"new.project.wizard","version":"1"},"event":{"count":1,"data":{"created":1605892406485},"id":"registered"}}
{"recorder_version":"40","session":"bfef1d978222","build":"201.8743.12.41.6953283","bucket":"104","time":1605892406484,"group":{"id":"intentions","version":"40"},"event":{"count":1,"data":{"created":1605892406485},"id":"registered"}}
{"recorder_version":"40","session":"bfef1d978222","build":"201.8743.12.41.6953283","bucket":"104","time":1605892406484,"group":{"id":"settings.repository","version":"1"},"event":{"count":1,"data":{"created":1605892406486},"id":"registered"}}
{"recorder_version":"40","session":"bfef1d978222","build":"201.8743.12.41.6953283","bucket":"104","time":1605892406484,"group":{"id":"vcs.change.reminder","version":"2"},"event":{"count":1,"data":{"created":1605892406486},"id":"registered"}}
{"recorder_version":"40","session":"bfef1d978222","build":"201.8743.12.41.6953283","bucket":"104","time":1605892406484,"group":{"id":"java.extract.method","version":"1"},"event":{"count":1,"data":{"created":1605892406486},"id":"registered"}}
{"recorder_version":"40","session":"bfef1d978222","build":"201.8743.12.41.6953283","bucket":"104","time":1605892406484,"group":{"id":"create.directory.dialog","version":"1"},"event":{"count":1,"data":{"created":1605892406486},"id":"registered"}}
{"recorder_version":"40","session":"bfef1d978222","build":"201.8743.12.41.6953283","bucket":"104","time":1605892406484,"group":{"id":"light.edit","version":"1"},"event":{"count":1,"data":{"created":1605892406486},"id":"registered"}}
{"recorder_version":"40","session":"bfef1d978222","build":"201.8743.12.41.6953283","bucket":"104","time":1605892406484,"group":{"id":"json.schema","version":"1"},"event":{"count":1,"data":{"created":1605892406486},"id":"registered"}}
{"recorder_version":"40","session":"bfef1d978222","build":"201.8743.12.41.6953283","bucket":"104","time":1605892406484,"group":{"id":"terminalShell","version":"2"},"event":{"count":1,"data":{"created":1605892406486},"id":"registered"}}
{"recorder_version":"40","session":"bfef1d978222","build":"201.8743.12.41.6953283","bucket":"104","time":1605892406484,"group":{"id":"rename.refactoring","version":"2"},"event":{"count":1,"data":{"created":1605892406486},"id":"registered"}}
{"recorder_version":"40","session":"bfef1d978222","build":"201.8743.12.41.6953283","bucket":"104","time":1605892406484,"group":{"id":"actions","version":"40"},"event":{"count":1,"data":{"created":1605892406486},"id":"registered"}}
{"recorder_version":"40","session":"bfef1d978222","build":"201.8743.12.41.6953283","bucket":"104","time":1605892406484,"group":{"id":"event.log","version":"40"},"event":{"count":1,"data":{"created":1605892406486},"id":"registered"}}
{"recorder_version":"40","session":"bfef1d978222","build":"201.8743.12.41.6953283","bucket":"104","time":1605892406484,"group":{"id":"run.configuration.exec","version":"40"},"event":{"count":1,"data":{"created":1605892406486},"id":"registered"}}
{"recorder_version":"40","session":"bfef1d978222","build":"201.8743.12.41.6953283","bucket":"104","time":1605892406484,"group":{"id":"notifications","version":"40"},"event":{"count":1,"data":{"created":1605892406486},"id":"registered"}}
{"recorder_version":"40","session":"bfef1d978222","build":"201.8743.12.41.6953283","bucket":"104","time":1605892406484,"group":{"id":"package.management.ui","version":"1"},"event":{"count":1,"data":{"created":1605892406486},"id":"registered"}}
{"recorder_version":"40","session":"bfef1d978222","build":"201.8743.12.41.6953283","bucket":"104","time":1605892406484,"group":{"id":"oc.clangd.completion","version":"1"},"event":{"count":1,"data":{"created":1605892406486},"id":"registered"}}
{"recorder_version":"40","session":"bfef1d978222","build":"201.8743.12.41.6953283","bucket":"104","time":1605892406484,"group":{"id":"build.tools.actions","version":"1"},"event":{"count":1,"data":{"created":1605892406486},"id":"registered"}}
{"recorder_version":"40","session":"bfef1d978222","build":"201.8743.12.41.6953283","bucket":"104","time":1605892406484,"group":{"id":"file.editor","version":"2"},"event":{"count":1,"data":{"created":1605892406487},"id":"registered"}}
{"recorder_version":"40","session":"bfef1d978222","build":"201.8743.12.41.6953283","bucket":"104","time":1605892406484,"group":{"id":"refactoring.dialog","version":"1"},"event":{"count":1,"data":{"created":1605892406487},"id":"registered"}}
{"recorder_version":"40","session":"bfef1d978222","build":"201.8743.12.41.6953283","bucket":"104","time":1605892406484,"group":{"id":"vfs","version":"2"},"event":{"count":1,"data":{"created":1605892406487},"id":"registered"}}
{"recorder_version":"40","session":"bfef1d978222","build":"201.8743.12.41.6953283","bucket":"104","time":1605892406484,"group":{"id":"java.lens","version":"1"},"event":{"count":1,"data":{"created":1605892406487},"id":"registered"}}
{"recorder_version":"40","session":"bfef1d978222","build":"201.8743.12.41.6953283","bucket":"104","time":1605892406484,"group":{"id":"project.import","version":"2"},"event":{"count":1,"data":{"created":1605892406487},"id":"registered"}}
{"recorder_version":"40","session":"bfef1d978222","build":"201.8743.12.41.6953283","bucket":"104","time":1605892406484,"group":{"id":"actions.runAnything","version":"1"},"event":{"count":1,"data":{"created":1605892406487},"id":"registered"}}
{"recorder_version":"40","session":"bfef1d978222","build":"201.8743.12.41.6953283","bucket":"104","time":1605892406484,"group":{"id":"toolwindow","version":"40"},"event":{"count":1,"data":{"created":1605892406487},"id":"registered"}}
{"recorder_version":"40","session":"bfef1d978222","build":"201.8743.12.41.6953283","bucket":"104","time":1605892406484,"group":{"id":"cidr.testingFrameworks.usages","version":"2"},"event":{"count":1,"data":{"created":1605892406487},"id":"registered"}}
{"recorder_version":"40","session":"bfef1d978222","build":"201.8743.12.41.6953283","bucket":"104","time":1605892406484,"group":{"id":"ui.settings","version":"40"},"event":{"count":1,"data":{"created":1605892406487},"id":"registered"}}
{"recorder_version":"40","session":"bfef1d978222","build":"201.8743.12.41.6953283","bucket":"104","time":1605892406484,"group":{"id":"plugins.dynamic","version":"1"},"event":{"count":1,"data":{"created":1605892406487},"id":"registered"}}
{"recorder_version":"40","session":"bfef1d978222","build":"201.8743.12.41.6953283","bucket":"104","time":1605892406484,"group":{"id":"file.prediction","version":"3"},"event":{"count":1,"data":{"created":1605892406487},"id":"registered"}}
{"recorder_version":"40","session":"bfef1d978222","build":"201.8743.12.41.6953283","bucket":"104","time":1605892406484,"group":{"id":"vcs.log.trigger","version":"2"},"event":{"count":1,"data":{"created":1605892406487},"id":"registered"}}
{"recorder_version":"40","session":"bfef1d978222","build":"201.8743.12.41.6953283","bucket":"104","time":1605892406484,"group":{"id":"productivity","version":"40"},"event":{"count":1,"data":{"created":1605892406487},"id":"registered"}}
{"recorder_version":"40","session":"bfef1d978222","build":"201.8743.12.41.6953283","bucket":"104","time":1605892406484,"group":{"id":"suggested.refactorings","version":"1"},"event":{"count":1,"data":{"created":1605892406487},"id":"registered"}}
{"recorder_version":"40","session":"bfef1d978222","build":"201.8743.12.41.6953283","bucket":"104","time":1605892406484,"group":{"id":"refactoring","version":"1"},"event":{"count":1,"data":{"created":1605892406487},"id":"registered"}}
{"recorder_version":"40","session":"bfef1d978222","build":"201.8743.12.41.6953283","bucket":"104","time":1605892406484,"group":{"id":"oc","version":"2"},"event":{"count":1,"data":{"created":1605892406488},"id":"registered"}}
{"recorder_version":"40","session":"bfef1d978222","build":"201.8743.12.41.6953283","bucket":"104","time":1605892406484,"group":{"id":"ui.event","version":"7"},"event":{"count":1,"data":{"created":1605892406488},"id":"registered"}}
{"recorder_version":"40","session":"bfef1d978222","build":"201.8743.12.41.6953283","bucket":"104","time":1605892406484,"group":{"id":"plugins.advertiser","version":"1"},"event":{"count":1,"data":{"created":1605892406488},"id":"registered"}}
{"recorder_version":"40","session":"bfef1d978222","build":"201.8743.12.41.6953283","bucket":"104","time":1605892406484,"group":{"id":"editor.notification.panel","version":"1"},"event":{"count":1,"data":{"created":1605892406488},"id":"registered"}}
{"recorder_version":"40","session":"bfef1d978222","build":"201.8743.12.41.6953283","bucket":"104","time":1605892406484,"group":{"id":"tooltip.action.events","version":"1"},"event":{"count":1,"data":{"created":1605892406488},"id":"registered"}}
{"recorder_version":"40","session":"bfef1d978222","build":"201.8743.12.41.6953283","bucket":"104","time":1605892406484,"group":{"id":"indexing","version":"2"},"event":{"count":1,"data":{"created":1605892406488},"id":"registered"}}
{"recorder_version":"40","session":"bfef1d978222","build":"201.8743.12.41.6953283","bucket":"104","time":1605892406484,"group":{"id":"vcs","version":"3"},"event":{"count":1,"data":{"created":1605892406488},"id":"registered"}}
{"recorder_version":"40","session":"bfef1d978222","build":"201.8743.12.41.6953283","bucket":"104","time":1605892406484,"group":{"id":"ui.dialogs","version":"40"},"event":{"count":1,"data":{"created":1605892406488},"id":"registered"}}
{"recorder_version":"40","session":"bfef1d978222","build":"201.8743.12.41.6953283","bucket":"104","time":1605892406484,"group":{"id":"vcs.back.forward.trigger","version":"1"},"event":{"count":1,"data":{"created":1605892406488},"id":"registered"}}
{"recorder_version":"40","session":"bfef1d978222","build":"201.8743.12.41.6953283","bucket":"104","time":1605892406484,"group":{"id":"customize.wizard","version":"1"},"event":{"count":1,"data":{"created":1605892406488},"id":"registered"}}
{"recorder_version":"40","session":"bfef1d978222","build":"201.8743.12.41.6953283","bucket":"104","time":1605892406484,"group":{"id":"ide.update.dialog","version":"1"},"event":{"count":1,"data":{"created":1605892406488},"id":"registered"}}
{"recorder_version":"40","session":"bfef1d978222","build":"201.8743.12.41.6953283","bucket":"104","time":1605892406484,"group":{"id":"toolbar","version":"40"},"event":{"count":1,"data":{"created":1605892406488},"id":"registered"}}
{"recorder_version":"40","session":"bfef1d978222","build":"201.8743.12.41.6953283","bucket":"104","time":1605892406484,"group":{"id":"build.gradle.actions","version":"1"},"event":{"count":1,"data":{"created":1605892406488},"id":"registered"}}
{"recorder_version":"40","session":"bfef1d978222","build":"201.8743.12.41.6953283","bucket":"104","time":1605892406484,"group":{"id":"oc.clangd.memoryLimitExceedances","version":"1"},"event":{"count":1,"data":{"created":1605892406488},"id":"registered"}}
{"recorder_version":"40","session":"bfef1d978222","build":"201.8743.12.41.6953283","bucket":"104","time":1605892406484,"group":{"id":"performance","version":"40"},"event":{"count":1,"data":{"created":1605892406489},"id":"registered"}}
{"recorder_version":"40","session":"bfef1d978222","build":"201.8743.12.41.6953283","bucket":"104","time":1605892406484,"group":{"id":"build","version":"2"},"event":{"count":1,"data":{"created":1605892406489},"id":"registered"}}
{"recorder_version":"40","session":"bfef1d978222","build":"201.8743.12.41.6953283","bucket":"104","time":1605892406484,"group":{"id":"searchEverywhere","version":"4"},"event":{"count":1,"data":{"created":1605892406489},"id":"registered"}}
{"recorder_version":"40","session":"bfef1d978222","build":"201.8743.12.41.6953283","bucket":"104","time":1605892406484,"group":{"id":"ui.tips","version":"3"},"event":{"count":1,"data":{"created":1605892406489},"id":"registered"}}
{"recorder_version":"40","session":"bfef1d978222","build":"201.8743.12.41.6953283","bucket":"104","time":1605892406484,"group":{"id":"surround.with","version":"2"},"event":{"count":1,"data":{"created":1605892406489},"id":"registered"}}
{"recorder_version":"40","session":"bfef1d978222","build":"201.8743.12.41.6953283","bucket":"104","time":1605892406484,"group":{"id":"import.old.config","version":"3"},"event":{"count":1,"data":{"created":1605892406489},"id":"registered"}}
{"recorder_version":"40","session":"bfef1d978222","build":"201.8743.12.41.6953283","bucket":"104","time":1605892406484,"group":{"id":"completion.postfix","version":"40"},"event":{"count":1,"data":{"created":1605892406489},"id":"registered"}}
{"recorder_version":"40","session":"bfef1d978222","build":"201.8743.12.41.6953283","bucket":"104","time":1605892407476,"group":{"id":"performance","version":"40"},"event":{"count":1,"data":{"duration_ms":"validation.undefined_rule","created":1605892407476},"id":"validation.undefined_rule"}}
{"recorder_version":"40","session":"bfef1d978222","build":"201.8743.12.41.6953283","bucket":"104","time":1605892418393,"group":{"id":"indexing","version":"2"},"event":{"count":1,"data":{"duration_ms":"validation.undefined_rule","ide_activity_id":"validation.undefined_rule","created":1605892418393},"id":"validation.undefined_rule"}}
{"recorder_version":"40","session":"bfef1d978222","build":"201.8743.12.41.6953283","bucket":"104","time":1605892455340,"group":{"id":"lifecycle","version":"40"},"event":{"count":1,"data":{"created":1605892455340,"project":"validation.undefined_rule"},"id":"validation.undefined_rule"}}
{"recorder_version":"40","session":"bfef1d978222","build":"201.8743.12.41.6953283","bucket":"104","time":1605892455965,"group":{"id":"performance","version":"40"},"event":{"count":1,"data":{"duration_ms":"validation.undefined_rule","created":1605892455965},"id":"validation.undefined_rule"}}
{"recorder_version":"40","session":"bfef1d978222","build":"201.8743.12.41.6953283","bucket":"104","time":1605892455966,"group":{"id":"indexing","version":"2"},"event":{"count":1,"data":{"ide_activity_id":"validation.undefined_rule","created":1605892455966,"project":"validation.undefined_rule"},"id":"validation.undefined_rule"}}
{"recorder_version":"40","session":"bfef1d978222","build":"201.8743.12.41.6953283","bucket":"104","time":1605892455970,"group":{"id":"indexing","version":"2"},"event":{"count":1,"data":{"ide_activity_id":"validation.undefined_rule","stage_class":"validation.undefined_rule","created":1605892455970},"id":"validation.undefined_rule"}}
{"recorder_version":"40","session":"bfef1d978222","build":"201.8743.12.41.6953283","bucket":"104","time":1605892455976,"group":{"id":"indexing","version":"2"},"event":{"count":1,"data":{"duration_ms":"validation.undefined_rule","ide_activity_id":"validation.undefined_rule","created":1605892455976},"id":"validation.undefined_rule"}}
{"recorder_version":"40","session":"bfef1d978222","build":"201.8743.12.41.6953283","bucket":"104","time":1605892553825,"group":{"id":"performance","version":"40"},"event":{"count":4,"data":{"duration_ms":"validation.undefined_rule","last":1605892553825,"created":1605892553825},"id":"validation.undefined_rule"}}
{"recorder_version":"40","session":"bfef1d978222","build":"201.8743.12.41.6953283","bucket":"104","time":1605892555577,"group":{"id":"lifecycle","version":"40"},"event":{"count":1,"data":{"created":1605892555578,"project":"validation.undefined_rule"},"id":"validation.undefined_rule"}}
{"recorder_version":"40","session":"bfef1d978222","build":"201.8743.12.41.6953283","bucket":"104","time":1605892555730,"group":{"id":"performance","version":"40"},"event":{"count":1,"data":{"duration_ms":"validation.undefined_rule","created":1605892555733},"id":"validation.undefined_rule"}}
{"recorder_version":"40","session":"bfef1d978222","build":"201.8743.12.41.6953283","bucket":"104","time":1605892566621,"group":{"id":"actions","version":"40"},"event":{"count":1,"data":{"context_menu":"validation.undefined_rule","current_file":"validation.undefined_rule","action_id":"validation.undefined_rule","created":1605892566621,"plugin_type":"validation.undefined_rule","project":"validation.undefined_rule","place":"validation.undefined_rule","class":"validation.undefined_rule"},"id":"validation.undefined_rule"}}
{"recorder_version":"40","session":"bfef1d978222","build":"201.8743.12.41.6953283","bucket":"104","time":1605892566649,"group":{"id":"notifications","version":"40"},"event":{"count":1,"data":{"display_type":"validation.undefined_rule","severity":"validation.undefined_rule","notification_group":"validation.undefined_rule","is_expandable":"validation.undefined_rule","created":1605892566649,"plugin_type":"validation.undefined_rule","project":"validation.undefined_rule","id":"validation.undefined_rule"},"id":"validation.undefined_rule"}}
{"recorder_version":"40","session":"bfef1d978222","build":"201.8743.12.41.6953283","bucket":"104","time":1605892566650,"group":{"id":"notifications","version":"40"},"event":{"count":1,"data":{"severity":"validation.undefined_rule","notification_group":"validation.undefined_rule","created":1605892566650,"plugin_type":"validation.undefined_rule","project":"validation.undefined_rule","id":"validation.undefined_rule"},"id":"validation.undefined_rule"}}
{"recorder_version":"40","session":"bfef1d978222","build":"201.8743.12.41.6953283","bucket":"104","time":1605892572817,"group":{"id":"file.types.usage","version":"40"},"event":{"count":1,"data":{"file_path":"validation.undefined_rule","file_type":"validation.undefined_rule","created":1605892572817,"plugin_type":"validation.undefined_rule","project":"validation.undefined_rule"},"id":"validation.undefined_rule"}}
{"recorder_version":"40","session":"bfef1d978222","build":"201.8743.12.41.6953283","bucket":"104","time":1605892572843,"group":{"id":"lifecycle","version":"40"},"event":{"count":1,"data":{"created":1605892572844,"project":"validation.undefined_rule"},"id":"validation.undefined_rule"}}
{"recorder_version":"40","session":"bfef1d978222","build":"201.8743.12.41.6953283","bucket":"104","time":1605892573035,"group":{"id":"lifecycle","version":"40"},"event":{"count":1,"data":{"created":1605892573035},"id":"validation.undefined_rule"}}
{"recorder_version":"40","session":"bfef1d978222","build":"201.8743.12.41.6953283","bucket":"104","time":1605892574536,"group":{"id":"event.log","version":"40"},"event":{"count":1,"data":{"created":1605892574536},"id":"validation.undefined_rule"}}
{"recorder_version":"40","session":"bfef1d978222","build":"201.8743.12.41.6953283","bucket":"104","time":1605892574543,"group":{"id":"event.log","version":"40"},"event":{"count":1,"data":{"created":1605892574544,"succeed":"validation.undefined_rule"},"id":"validation.undefined_rule"}}
{"recorder_version":"40","session":"bfef1d978222","build":"201.8743.12.41.6953283","bucket":"104","time":1605892574554,"group":{"id":"lifecycle","version":"40"},"event":{"count":1,"data":{"restart":"validation.undefined_rule","created":1605892574554},"id":"validation.undefined_rule"}}
