{"recorder_version":"40","session":"e5fef1f1f47b","build":"201.8743.12.41.6953283","bucket":"104","time":1606080944378,"group":{"id":"settings","version":"4"},"event":{"state":true,"data":{"component":"validation.undefined_rule","created":1606080944392},"id":"invoked"}}
{"recorder_version":"40","session":"e5fef1f1f47b","build":"201.8743.12.41.6953283","bucket":"104","time":1606080944378,"group":{"id":"settings","version":"4"},"event":{"state":true,"data":{"component":"validation.undefined_rule","created":1606080944393},"id":"invoked"}}
{"recorder_version":"40","session":"e5fef1f1f47b","build":"201.8743.12.41.6953283","bucket":"104","time":1606080944378,"group":{"id":"settings","version":"4"},"event":{"state":true,"data":{"component":"validation.undefined_rule","created":1606080944402},"id":"invoked"}}
{"recorder_version":"40","session":"e5fef1f1f47b","build":"201.8743.12.41.6953283","bucket":"104","time":1606080944378,"group":{"id":"settings","version":"4"},"event":{"state":true,"data":{"component":"validation.undefined_rule","created":1606080944402},"id":"invoked"}}
{"recorder_version":"40","session":"e5fef1f1f47b","build":"201.8743.12.41.6953283","bucket":"104","time":1606080944378,"group":{"id":"system.java","version":"1"},"event":{"state":true,"data":{"created":1606080944403,"version":"validation.undefined_rule"},"id":"validation.undefined_rule"}}
{"recorder_version":"40","session":"e5fef1f1f47b","build":"201.8743.12.41.6953283","bucket":"104","time":1606080944378,"group":{"id":"system.java","version":"1"},"event":{"state":true,"data":{"created":1606080944403},"id":"invoked"}}
{"recorder_version":"40","session":"e5fef1f1f47b","build":"201.8743.12.41.6953283","bucket":"104","time":1606080944396,"group":{"id":"system.os","version":"3"},"event":{"state":true,"data":{"created":1606080944403,"version":"validation.undefined_rule"},"id":"validation.undefined_rule"}}
{"recorder_version":"40","session":"e5fef1f1f47b","build":"201.8743.12.41.6953283","bucket":"104","time":1606080944396,"group":{"id":"system.os","version":"3"},"event":{"state":true,"data":{"created":1606080944403,"name":"validation.undefined_rule","version":"validation.undefined_rule"},"id":"validation.undefined_rule"}}
{"recorder_version":"40","session":"e5fef1f1f47b","build":"201.8743.12.41.6953283","bucket":"104","time":1606080944396,"group":{"id":"system.os","version":"3"},"event":{"state":true,"data":{"created":1606080944404,"value":"validation.undefined_rule"},"id":"validation.undefined_rule"}}
{"recorder_version":"40","session":"e5fef1f1f47b","build":"201.8743.12.41.6953283","bucket":"104","time":1606080944396,"group":{"id":"system.os","version":"3"},"event":{"state":true,"data":{"created":1606080944404},"id":"invoked"}}
{"recorder_version":"40","session":"e5fef1f1f47b","build":"201.8743.12.41.6953283","bucket":"104","time":1606080945048,"group":{"id":"settings","version":"4"},"event":{"state":true,"data":{"component":"validation.undefined_rule","created":1606080945049,"name":"validation.undefined_rule","type":"validation.undefined_rule","value":"validation.undefined_rule"},"id":"validation.undefined_rule"}}
{"recorder_version":"40","session":"e5fef1f1f47b","build":"201.8743.12.41.6953283","bucket":"104","time":1606080945048,"group":{"id":"settings","version":"4"},"event":{"state":true,"data":{"component":"validation.undefined_rule","created":1606080945049,"name":"validation.undefined_rule","type":"validation.undefined_rule","value":"validation.undefined_rule"},"id":"validation.undefined_rule"}}
{"recorder_version":"40","session":"e5fef1f1f47b","build":"201.8743.12.41.6953283","bucket":"104","time":1606080945049,"group":{"id":"settings","version":"4"},"event":{"state":true,"data":{"component":"validation.undefined_rule","created":1606080945049},"id":"invoked"}}
{"recorder_version":"40","session":"e5fef1f1f47b","build":"201.8743.12.41.6953283","bucket":"104","time":1606080945237,"group":{"id":"performance","version":"40"},"event":{"count":2,"data":{"duration_ms":"validation.undefined_rule","last":1606080945237,"created":1606080945237},"id":"validation.undefined_rule"}}
{"recorder_version":"40","session":"e5fef1f1f47b","build":"201.8743.12.41.6953283","bucket":"104","time":1606080945469,"group":{"id":"settings","version":"4"},"event":{"state":true,"data":{"component":"validation.undefined_rule","created":1606080945469},"id":"invoked"}}
{"recorder_version":"40","session":"e5fef1f1f47b","build":"201.8743.12.41.6953283","bucket":"104","time":1606080945485,"group":{"id":"settings","version":"4"},"event":{"state":true,"data":{"component":"validation.undefined_rule","created":1606080945485},"id":"invoked"}}
{"recorder_version":"40","session":"e5fef1f1f47b","build":"201.8743.12.41.6953283","bucket":"104","time":1606080945495,"group":{"id":"settings","version":"4"},"event":{"state":true,"data":{"component":"validation.undefined_rule","created":1606080945495},"id":"invoked"}}
{"recorder_version":"40","session":"e5fef1f1f47b","build":"201.8743.12.41.6953283","bucket":"104","time":1606080945495,"group":{"id":"settings","version":"4"},"event":{"state":true,"data":{"component":"validation.undefined_rule","created":1606080945496},"id":"invoked"}}
{"recorder_version":"40","session":"e5fef1f1f47b","build":"201.8743.12.41.6953283","bucket":"104","time":1606080945499,"group":{"id":"settings","version":"4"},"event":{"state":true,"data":{"component":"validation.undefined_rule","created":1606080945499},"id":"invoked"}}
{"recorder_version":"40","session":"e5fef1f1f47b","build":"201.8743.12.41.6953283","bucket":"104","time":1606080945499,"group":{"id":"settings","version":"4"},"event":{"state":true,"data":{"component":"validation.undefined_rule","created":1606080945500},"id":"invoked"}}
{"recorder_version":"40","session":"e5fef1f1f47b","build":"201.8743.12.41.6953283","bucket":"104","time":1606080945503,"group":{"id":"settings","version":"4"},"event":{"state":true,"data":{"component":"validation.undefined_rule","created":1606080945504},"id":"invoked"}}
{"recorder_version":"40","session":"e5fef1f1f47b","build":"201.8743.12.41.6953283","bucket":"104","time":1606080945504,"group":{"id":"settings","version":"4"},"event":{"state":true,"data":{"component":"validation.undefined_rule","created":1606080945504},"id":"invoked"}}
{"recorder_version":"40","session":"e5fef1f1f47b","build":"201.8743.12.41.6953283","bucket":"104","time":1606080945670,"group":{"id":"lifecycle","version":"40"},"event":{"count":1,"data":{"internal":"validation.undefined_rule","eap":"validation.undefined_rule","created":1606080945670},"id":"validation.undefined_rule"}}
{"recorder_version":"40","session":"e5fef1f1f47b","build":"201.8743.12.41.6953283","bucket":"104","time":1606080951013,"group":{"id":"settings","version":"4"},"event":{"state":true,"data":{"component":"validation.undefined_rule","created":1606080951014},"id":"invoked"}}
{"recorder_version":"40","session":"e5fef1f1f47b","build":"201.8743.12.41.6953283","bucket":"104","time":1606080951097,"group":{"id":"actions","version":"40"},"event":{"count":1,"data":{"context_menu":"validation.undefined_rule","action_id":"validation.undefined_rule","created":1606080951097,"plugin_type":"validation.undefined_rule","place":"validation.undefined_rule","class":"validation.undefined_rule","input_event":"validation.undefined_rule"},"id":"validation.undefined_rule"}}
{"recorder_version":"40","session":"e5fef1f1f47b","build":"201.8743.12.41.6953283","bucket":"104","time":1606080952275,"group":{"id":"performance","version":"40"},"event":{"count":1,"data":{"duration_ms":"validation.undefined_rule","created":1606080952275},"id":"validation.undefined_rule"}}
{"recorder_version":"40","session":"e5fef1f1f47b","build":"201.8743.12.41.6953283","bucket":"104","time":1606080952290,"group":{"id":"ui.dialogs","version":"40"},"event":{"count":1,"data":{"created":1606080952290,"dialog_class":"validation.undefined_rule"},"id":"validation.undefined_rule"}}
{"recorder_version":"40","session":"e5fef1f1f47b","build":"201.8743.12.41.6953283","bucket":"104","time":1606080952357,"group":{"id":"notifications","version":"40"},"event":{"count":1,"data":{"severity":"validation.undefined_rule","notification_group":"validation.undefined_rule","created":1606080952357,"plugin_type":"validation.undefined_rule","project":"validation.undefined_rule","id":"validation.undefined_rule"},"id":"validation.undefined_rule"}}
{"recorder_version":"40","session":"e5fef1f1f47b","build":"201.8743.12.41.6953283","bucket":"104","time":1606080953578,"group":{"id":"lifecycle","version":"40"},"event":{"count":1,"data":{"created":1606080953579,"project":"validation.undefined_rule"},"id":"validation.undefined_rule"}}
{"recorder_version":"40","session":"e5fef1f1f47b","build":"201.8743.12.41.6953283","bucket":"104","time":1606080954251,"group":{"id":"performance","version":"40"},"event":{"count":1,"data":{"duration_ms":"validation.undefined_rule","created":1606080954251},"id":"validation.undefined_rule"}}
{"recorder_version":"40","session":"e5fef1f1f47b","build":"201.8743.12.41.6953283","bucket":"104","time":1606080954425,"group":{"id":"indexing","version":"2"},"event":{"count":1,"data":{"ide_activity_id":"validation.undefined_rule","created":1606080954425,"project":"validation.undefined_rule"},"id":"validation.undefined_rule"}}
{"recorder_version":"40","session":"e5fef1f1f47b","build":"201.8743.12.41.6953283","bucket":"104","time":1606080954439,"group":{"id":"indexing","version":"2"},"event":{"count":1,"data":{"ide_activity_id":"validation.undefined_rule","stage_class":"validation.undefined_rule","created":1606080954439},"id":"validation.undefined_rule"}}
{"recorder_version":"40","session":"e5fef1f1f47b","build":"201.8743.12.41.6953283","bucket":"104","time":1606080955161,"group":{"id":"file.types.usage","version":"40"},"event":{"count":2,"data":{"file_path":"validation.undefined_rule","last":1606080955165,"file_type":"validation.undefined_rule","created":1606080955161,"plugin_type":"validation.undefined_rule","project":"validation.undefined_rule"},"id":"validation.undefined_rule"}}
{"recorder_version":"40","session":"e5fef1f1f47b","build":"201.8743.12.41.6953283","bucket":"104","time":1606080955229,"group":{"id":"file.types.usage","version":"40"},"event":{"count":2,"data":{"file_path":"validation.undefined_rule","plugin_version":"validation.undefined_rule","plugin":"validation.undefined_rule","last":1606080955320,"file_type":"validation.undefined_rule","created":1606080955229,"plugin_type":"validation.undefined_rule","project":"validation.undefined_rule"},"id":"validation.undefined_rule"}}
{"recorder_version":"40","session":"e5fef1f1f47b","build":"201.8743.12.41.6953283","bucket":"104","time":1606080955841,"group":{"id":"toolwindow","version":"40"},"event":{"count":1,"data":{"ViewMode":"validation.undefined_rule","created":1606080955841,"plugin_type":"validation.undefined_rule","id":"validation.undefined_rule","Location":"validation.undefined_rule"},"id":"validation.undefined_rule"}}
{"recorder_version":"40","session":"e5fef1f1f47b","build":"201.8743.12.41.6953283","bucket":"104","time":1606080956143,"group":{"id":"ui.dialogs","version":"40"},"event":{"count":1,"data":{"code":"validation.undefined_rule","created":1606080956143,"dialog_class":"validation.undefined_rule"},"id":"validation.undefined_rule"}}
{"recorder_version":"40","session":"e5fef1f1f47b","build":"201.8743.12.41.6953283","bucket":"104","time":1606080956163,"group":{"id":"project.fs","version":"1"},"event":{"state":true,"data":{"cs-project":"validation.undefined_rule","created":1606080956163,"project":"validation.undefined_rule","cs-implicit":"validation.undefined_rule","cs-system":"validation.undefined_rule"},"id":"validation.undefined_rule"}}
{"recorder_version":"40","session":"e5fef1f1f47b","build":"201.8743.12.41.6953283","bucket":"104","time":1606080956163,"group":{"id":"project.fs","version":"1"},"event":{"state":true,"data":{"created":1606080956164},"id":"invoked"}}
{"recorder_version":"40","session":"e5fef1f1f47b","build":"201.8743.12.41.6953283","bucket":"104","time":1606080956164,"group":{"id":"project.fs","version":"1"},"event":{"state":true,"data":{"pct-non-watched":"validation.undefined_rule","created":1606080956165,"project":"validation.undefined_rule"},"id":"validation.undefined_rule"}}
{"recorder_version":"40","session":"e5fef1f1f47b","build":"201.8743.12.41.6953283","bucket":"104","time":1606080956164,"group":{"id":"project.fs","version":"1"},"event":{"state":true,"data":{"created":1606080956165},"id":"invoked"}}
{"recorder_version":"40","session":"e5fef1f1f47b","build":"201.8743.12.41.6953283","bucket":"104","time":1606080956514,"group":{"id":"lifecycle","version":"40"},"event":{"count":1,"data":{"duration_ms":"validation.undefined_rule","created":1606080956514,"project":"validation.undefined_rule"},"id":"validation.undefined_rule"}}
{"recorder_version":"40","session":"e5fef1f1f47b","build":"201.8743.12.41.6953283","bucket":"104","time":1606080957115,"group":{"id":"indexing","version":"2"},"event":{"count":1,"data":{"ide_activity_id":"validation.undefined_rule","stage_class":"validation.undefined_rule","created":1606080957115},"id":"validation.undefined_rule"}}
{"recorder_version":"40","session":"e5fef1f1f47b","build":"201.8743.12.41.6953283","bucket":"104","time":1606080957330,"group":{"id":"indexing","version":"2"},"event":{"count":1,"data":{"duration_ms":"validation.undefined_rule","ide_activity_id":"validation.undefined_rule","created":1606080957330},"id":"validation.undefined_rule"}}
{"recorder_version":"40","session":"e5fef1f1f47b","build":"201.8743.12.41.6953283","bucket":"104","time":1606080957417,"group":{"id":"indexing","version":"2"},"event":{"count":1,"data":{"ide_activity_id":"validation.undefined_rule","created":1606080957417,"project":"validation.undefined_rule"},"id":"validation.undefined_rule"}}
{"recorder_version":"40","session":"e5fef1f1f47b","build":"201.8743.12.41.6953283","bucket":"104","time":1606080957434,"group":{"id":"indexing","version":"2"},"event":{"count":2,"data":{"ide_activity_id":"validation.undefined_rule","last":1606080957464,"stage_class":"validation.undefined_rule","created":1606080957434},"id":"validation.undefined_rule"}}
{"recorder_version":"40","session":"e5fef1f1f47b","build":"201.8743.12.41.6953283","bucket":"104","time":1606080957467,"group":{"id":"indexing","version":"2"},"event":{"count":1,"data":{"duration_ms":"validation.undefined_rule","ide_activity_id":"validation.undefined_rule","created":1606080957467},"id":"validation.undefined_rule"}}
{"recorder_version":"40","session":"e5fef1f1f47b","build":"201.8743.12.41.6953283","bucket":"104","time":1606080957477,"group":{"id":"indexing","version":"2"},"event":{"count":1,"data":{"ide_activity_id":"validation.undefined_rule","created":1606080957477,"project":"validation.undefined_rule"},"id":"validation.undefined_rule"}}
{"recorder_version":"40","session":"e5fef1f1f47b","build":"201.8743.12.41.6953283","bucket":"104","time":1606080957480,"group":{"id":"indexing","version":"2"},"event":{"count":1,"data":{"ide_activity_id":"validation.undefined_rule","stage_class":"validation.undefined_rule","created":1606080957480},"id":"validation.undefined_rule"}}
{"recorder_version":"40","session":"e5fef1f1f47b","build":"201.8743.12.41.6953283","bucket":"104","time":1606080957552,"group":{"id":"indexing","version":"2"},"event":{"count":1,"data":{"duration_ms":"validation.undefined_rule","ide_activity_id":"validation.undefined_rule","created":1606080957552},"id":"validation.undefined_rule"}}
{"recorder_version":"40","session":"e5fef1f1f47b","build":"201.8743.12.41.6953283","bucket":"104","time":1606080958352,"group":{"id":"performance","version":"40"},"event":{"count":1,"data":{"duration_ms":"validation.undefined_rule","created":1606080958353},"id":"validation.undefined_rule"}}
{"recorder_version":"40","session":"e5fef1f1f47b","build":"201.8743.12.41.6953283","bucket":"104","time":1606080959316,"group":{"id":"vfs","version":"2"},"event":{"count":1,"data":{"duration_ms":"validation.undefined_rule","finish_time_ms":"validation.undefined_rule","created":1606080959316,"start_time_ms":"validation.undefined_rule"},"id":"validation.undefined_rule"}}
{"recorder_version":"40","session":"e5fef1f1f47b","build":"201.8743.12.41.6953283","bucket":"104","time":1606080961110,"group":{"id":"ui.tips","version":"3"},"event":{"count":1,"data":{"created":1606080961110,"type":"validation.undefined_rule"},"id":"validation.undefined_rule"}}
{"recorder_version":"40","session":"e5fef1f1f47b","build":"201.8743.12.41.6953283","bucket":"104","time":1606080961192,"group":{"id":"startup","version":"1"},"event":{"count":4,"data":{"duration":"validation.undefined_rule","last":1606080961192,"created":1606080961192},"id":"validation.undefined_rule"}}
{"recorder_version":"40","session":"e5fef1f1f47b","build":"201.8743.12.41.6953283","bucket":"104","time":1606080961194,"group":{"id":"ui.tips","version":"3"},"event":{"count":1,"data":{"feature_id":"validation.undefined_rule","filename":"validation.undefined_rule","created":1606080961194},"id":"validation.undefined_rule"}}
{"recorder_version":"40","session":"e5fef1f1f47b","build":"201.8743.12.41.6953283","bucket":"104","time":1606080961210,"group":{"id":"ui.dialogs","version":"40"},"event":{"count":1,"data":{"created":1606080961210,"dialog_class":"validation.undefined_rule"},"id":"validation.undefined_rule"}}
{"recorder_version":"40","session":"e5fef1f1f47b","build":"201.8743.12.41.6953283","bucket":"104","time":1606080961271,"group":{"id":"performance","version":"40"},"event":{"count":1,"data":{"duration_ms":"validation.undefined_rule","created":1606080961271},"id":"validation.undefined_rule"}}
{"recorder_version":"40","session":"e5fef1f1f47b","build":"201.8743.12.41.6953283","bucket":"104","time":1606080962850,"group":{"id":"ui.dialogs","version":"40"},"event":{"count":1,"data":{"code":"validation.undefined_rule","created":1606080962850,"dialog_class":"validation.undefined_rule"},"id":"validation.undefined_rule"}}
{"recorder_version":"40","session":"e5fef1f1f47b","build":"201.8743.12.41.6953283","bucket":"104","time":1606080962859,"group":{"id":"lifecycle","version":"40"},"event":{"count":3,"data":{"last":1606080967541,"created":1606080962859,"project":"validation.undefined_rule"},"id":"validation.undefined_rule"}}
{"recorder_version":"40","session":"e5fef1f1f47b","build":"201.8743.12.41.6953283","bucket":"104","time":1606081045276,"group":{"id":"performance","version":"40"},"event":{"count":1,"data":{"duration_ms":"validation.undefined_rule","created":1606081045277},"id":"validation.undefined_rule"}}
{"recorder_version":"40","session":"e5fef1f1f47b","build":"201.8743.12.41.6953283","bucket":"104","time":1606081064118,"group":{"id":"lifecycle","version":"40"},"event":{"count":2,"data":{"last":1606081066591,"created":1606081064118,"project":"validation.undefined_rule"},"id":"validation.undefined_rule"}}
{"recorder_version":"40","session":"e5fef1f1f47b","build":"201.8743.12.41.6953283","bucket":"104","time":1606081145479,"group":{"id":"performance","version":"40"},"event":{"count":1,"data":{"duration_ms":"validation.undefined_rule","created":1606081145480},"id":"validation.undefined_rule"}}
{"recorder_version":"40","session":"e5fef1f1f47b","build":"201.8743.12.41.6953283","bucket":"104","time":1606081245238,"group":{"id":"java.find.usages","version":"1"},"event":{"count":1,"data":{"created":1606081245238},"id":"registered"}}
{"recorder_version":"40","session":"e5fef1f1f47b","build":"201.8743.12.41.6953283","bucket":"104","time":1606081245238,"group":{"id":"file.types.usage","version":"40"},"event":{"count":1,"data":{"created":1606081245238},"id":"registered"}}
{"recorder_version":"40","session":"e5fef1f1f47b","build":"201.8743.12.41.6953283","bucket":"104","time":1606081245238,"group":{"id":"ide.script.engine","version":"2"},"event":{"count":1,"data":{"created":1606081245238},"id":"registered"}}
{"recorder_version":"40","session":"e5fef1f1f47b","build":"201.8743.12.41.6953283","bucket":"104","time":1606081245238,"group":{"id":"debugger.evaluate.usage","version":"1"},"event":{"count":1,"data":{"created":1606081245239},"id":"registered"}}
{"recorder_version":"40","session":"e5fef1f1f47b","build":"201.8743.12.41.6953283","bucket":"104","time":1606081245238,"group":{"id":"move.refactoring","version":"1"},"event":{"count":1,"data":{"created":1606081245239},"id":"registered"}}
{"recorder_version":"40","session":"e5fef1f1f47b","build":"201.8743.12.41.6953283","bucket":"104","time":1606081245238,"group":{"id":"oc.clangd.crash","version":"1"},"event":{"count":1,"data":{"created":1606081245239},"id":"registered"}}
{"recorder_version":"40","session":"e5fef1f1f47b","build":"201.8743.12.41.6953283","bucket":"104","time":1606081245238,"group":{"id":"live.templates","version":"46"},"event":{"count":1,"data":{"created":1606081245239},"id":"registered"}}
{"recorder_version":"40","session":"e5fef1f1f47b","build":"201.8743.12.41.6953283","bucket":"104","time":1606081245238,"group":{"id":"ide.self.update","version":"2"},"event":{"count":1,"data":{"created":1606081245239},"id":"registered"}}
{"recorder_version":"40","session":"e5fef1f1f47b","build":"201.8743.12.41.6953283","bucket":"104","time":1606081245238,"group":{"id":"lifecycle","version":"40"},"event":{"count":1,"data":{"created":1606081245239},"id":"registered"}}
{"recorder_version":"40","session":"e5fef1f1f47b","build":"201.8743.12.41.6953283","bucket":"104","time":1606081245238,"group":{"id":"vcs.diff.trigger","version":"1"},"event":{"count":1,"data":{"created":1606081245239},"id":"registered"}}
{"recorder_version":"40","session":"e5fef1f1f47b","build":"201.8743.12.41.6953283","bucket":"104","time":1606081245238,"group":{"id":"debugger.breakpoints.usage","version":"2"},"event":{"count":1,"data":{"created":1606081245240},"id":"registered"}}
{"recorder_version":"40","session":"e5fef1f1f47b","build":"201.8743.12.41.6953283","bucket":"104","time":1606081245238,"group":{"id":"startup","version":"1"},"event":{"count":1,"data":{"created":1606081245240},"id":"registered"}}
{"recorder_version":"40","session":"e5fef1f1f47b","build":"201.8743.12.41.6953283","bucket":"104","time":1606081245238,"group":{"id":"find","version":"3"},"event":{"count":1,"data":{"created":1606081245240},"id":"registered"}}
{"recorder_version":"40","session":"e5fef1f1f47b","build":"201.8743.12.41.6953283","bucket":"104","time":1606081245238,"group":{"id":"gutter.icon.click","version":"2"},"event":{"count":1,"data":{"created":1606081245240},"id":"registered"}}
{"recorder_version":"40","session":"e5fef1f1f47b","build":"201.8743.12.41.6953283","bucket":"104","time":1606081245238,"group":{"id":"shell.script","version":"1"},"event":{"count":1,"data":{"created":1606081245240},"id":"registered"}}
{"recorder_version":"40","session":"e5fef1f1f47b","build":"201.8743.12.41.6953283","bucket":"104","time":1606081245238,"group":{"id":"intellij.cds","version":"2"},"event":{"count":1,"data":{"created":1606081245240},"id":"registered"}}
{"recorder_version":"40","session":"e5fef1f1f47b","build":"201.8743.12.41.6953283","bucket":"104","time":1606081245238,"group":{"id":"new.project.wizard","version":"1"},"event":{"count":1,"data":{"created":1606081245240},"id":"registered"}}
{"recorder_version":"40","session":"e5fef1f1f47b","build":"201.8743.12.41.6953283","bucket":"104","time":1606081245238,"group":{"id":"intentions","version":"40"},"event":{"count":1,"data":{"created":1606081245240},"id":"registered"}}
{"recorder_version":"40","session":"e5fef1f1f47b","build":"201.8743.12.41.6953283","bucket":"104","time":1606081245238,"group":{"id":"settings.repository","version":"1"},"event":{"count":1,"data":{"created":1606081245240},"id":"registered"}}
{"recorder_version":"40","session":"e5fef1f1f47b","build":"201.8743.12.41.6953283","bucket":"104","time":1606081245238,"group":{"id":"vcs.change.reminder","version":"2"},"event":{"count":1,"data":{"created":1606081245240},"id":"registered"}}
{"recorder_version":"40","session":"e5fef1f1f47b","build":"201.8743.12.41.6953283","bucket":"104","time":1606081245238,"group":{"id":"java.extract.method","version":"1"},"event":{"count":1,"data":{"created":1606081245240},"id":"registered"}}
{"recorder_version":"40","session":"e5fef1f1f47b","build":"201.8743.12.41.6953283","bucket":"104","time":1606081245238,"group":{"id":"create.directory.dialog","version":"1"},"event":{"count":1,"data":{"created":1606081245241},"id":"registered"}}
{"recorder_version":"40","session":"e5fef1f1f47b","build":"201.8743.12.41.6953283","bucket":"104","time":1606081245238,"group":{"id":"light.edit","version":"1"},"event":{"count":1,"data":{"created":1606081245241},"id":"registered"}}
{"recorder_version":"40","session":"e5fef1f1f47b","build":"201.8743.12.41.6953283","bucket":"104","time":1606081245238,"group":{"id":"json.schema","version":"1"},"event":{"count":1,"data":{"created":1606081245241},"id":"registered"}}
{"recorder_version":"40","session":"e5fef1f1f47b","build":"201.8743.12.41.6953283","bucket":"104","time":1606081245238,"group":{"id":"terminalShell","version":"2"},"event":{"count":1,"data":{"created":1606081245241},"id":"registered"}}
{"recorder_version":"40","session":"e5fef1f1f47b","build":"201.8743.12.41.6953283","bucket":"104","time":1606081245238,"group":{"id":"rename.refactoring","version":"2"},"event":{"count":1,"data":{"created":1606081245241},"id":"registered"}}
{"recorder_version":"40","session":"e5fef1f1f47b","build":"201.8743.12.41.6953283","bucket":"104","time":1606081245238,"group":{"id":"actions","version":"40"},"event":{"count":1,"data":{"created":1606081245241},"id":"registered"}}
{"recorder_version":"40","session":"e5fef1f1f47b","build":"201.8743.12.41.6953283","bucket":"104","time":1606081245238,"group":{"id":"event.log","version":"40"},"event":{"count":1,"data":{"created":1606081245241},"id":"registered"}}
{"recorder_version":"40","session":"e5fef1f1f47b","build":"201.8743.12.41.6953283","bucket":"104","time":1606081245238,"group":{"id":"run.configuration.exec","version":"40"},"event":{"count":1,"data":{"created":1606081245241},"id":"registered"}}
{"recorder_version":"40","session":"e5fef1f1f47b","build":"201.8743.12.41.6953283","bucket":"104","time":1606081245238,"group":{"id":"notifications","version":"40"},"event":{"count":1,"data":{"created":1606081245241},"id":"registered"}}
{"recorder_version":"40","session":"e5fef1f1f47b","build":"201.8743.12.41.6953283","bucket":"104","time":1606081245238,"group":{"id":"package.management.ui","version":"1"},"event":{"count":1,"data":{"created":1606081245241},"id":"registered"}}
{"recorder_version":"40","session":"e5fef1f1f47b","build":"201.8743.12.41.6953283","bucket":"104","time":1606081245238,"group":{"id":"oc.clangd.completion","version":"1"},"event":{"count":1,"data":{"created":1606081245241},"id":"registered"}}
{"recorder_version":"40","session":"e5fef1f1f47b","build":"201.8743.12.41.6953283","bucket":"104","time":1606081245238,"group":{"id":"build.tools.actions","version":"1"},"event":{"count":1,"data":{"created":1606081245242},"id":"registered"}}
{"recorder_version":"40","session":"e5fef1f1f47b","build":"201.8743.12.41.6953283","bucket":"104","time":1606081245238,"group":{"id":"file.editor","version":"2"},"event":{"count":1,"data":{"created":1606081245242},"id":"registered"}}
{"recorder_version":"40","session":"e5fef1f1f47b","build":"201.8743.12.41.6953283","bucket":"104","time":1606081245238,"group":{"id":"refactoring.dialog","version":"1"},"event":{"count":1,"data":{"created":1606081245242},"id":"registered"}}
{"recorder_version":"40","session":"e5fef1f1f47b","build":"201.8743.12.41.6953283","bucket":"104","time":1606081245238,"group":{"id":"vfs","version":"2"},"event":{"count":1,"data":{"created":1606081245242},"id":"registered"}}
{"recorder_version":"40","session":"e5fef1f1f47b","build":"201.8743.12.41.6953283","bucket":"104","time":1606081245238,"group":{"id":"java.lens","version":"1"},"event":{"count":1,"data":{"created":1606081245242},"id":"registered"}}
{"recorder_version":"40","session":"e5fef1f1f47b","build":"201.8743.12.41.6953283","bucket":"104","time":1606081245238,"group":{"id":"project.import","version":"2"},"event":{"count":1,"data":{"created":1606081245242},"id":"registered"}}
{"recorder_version":"40","session":"e5fef1f1f47b","build":"201.8743.12.41.6953283","bucket":"104","time":1606081245238,"group":{"id":"actions.runAnything","version":"1"},"event":{"count":1,"data":{"created":1606081245242},"id":"registered"}}
{"recorder_version":"40","session":"e5fef1f1f47b","build":"201.8743.12.41.6953283","bucket":"104","time":1606081245238,"group":{"id":"toolwindow","version":"40"},"event":{"count":1,"data":{"created":1606081245242},"id":"registered"}}
{"recorder_version":"40","session":"e5fef1f1f47b","build":"201.8743.12.41.6953283","bucket":"104","time":1606081245238,"group":{"id":"cidr.testingFrameworks.usages","version":"2"},"event":{"count":1,"data":{"created":1606081245242},"id":"registered"}}
{"recorder_version":"40","session":"e5fef1f1f47b","build":"201.8743.12.41.6953283","bucket":"104","time":1606081245238,"group":{"id":"ui.settings","version":"40"},"event":{"count":1,"data":{"created":1606081245242},"id":"registered"}}
{"recorder_version":"40","session":"e5fef1f1f47b","build":"201.8743.12.41.6953283","bucket":"104","time":1606081245238,"group":{"id":"plugins.dynamic","version":"1"},"event":{"count":1,"data":{"created":1606081245242},"id":"registered"}}
{"recorder_version":"40","session":"e5fef1f1f47b","build":"201.8743.12.41.6953283","bucket":"104","time":1606081245238,"group":{"id":"file.prediction","version":"3"},"event":{"count":1,"data":{"created":1606081245242},"id":"registered"}}
{"recorder_version":"40","session":"e5fef1f1f47b","build":"201.8743.12.41.6953283","bucket":"104","time":1606081245238,"group":{"id":"vcs.log.trigger","version":"2"},"event":{"count":1,"data":{"created":1606081245243},"id":"registered"}}
{"recorder_version":"40","session":"e5fef1f1f47b","build":"201.8743.12.41.6953283","bucket":"104","time":1606081245238,"group":{"id":"productivity","version":"40"},"event":{"count":1,"data":{"created":1606081245243},"id":"registered"}}
{"recorder_version":"40","session":"e5fef1f1f47b","build":"201.8743.12.41.6953283","bucket":"104","time":1606081245238,"group":{"id":"suggested.refactorings","version":"1"},"event":{"count":1,"data":{"created":1606081245243},"id":"registered"}}
{"recorder_version":"40","session":"e5fef1f1f47b","build":"201.8743.12.41.6953283","bucket":"104","time":1606081245238,"group":{"id":"refactoring","version":"1"},"event":{"count":1,"data":{"created":1606081245243},"id":"registered"}}
{"recorder_version":"40","session":"e5fef1f1f47b","build":"201.8743.12.41.6953283","bucket":"104","time":1606081245238,"group":{"id":"oc","version":"2"},"event":{"count":1,"data":{"created":1606081245243},"id":"registered"}}
{"recorder_version":"40","session":"e5fef1f1f47b","build":"201.8743.12.41.6953283","bucket":"104","time":1606081245238,"group":{"id":"ui.event","version":"7"},"event":{"count":1,"data":{"created":1606081245243},"id":"registered"}}
{"recorder_version":"40","session":"e5fef1f1f47b","build":"201.8743.12.41.6953283","bucket":"104","time":1606081245238,"group":{"id":"plugins.advertiser","version":"1"},"event":{"count":1,"data":{"created":1606081245243},"id":"registered"}}
{"recorder_version":"40","session":"e5fef1f1f47b","build":"201.8743.12.41.6953283","bucket":"104","time":1606081245238,"group":{"id":"editor.notification.panel","version":"1"},"event":{"count":1,"data":{"created":1606081245243},"id":"registered"}}
{"recorder_version":"40","session":"e5fef1f1f47b","build":"201.8743.12.41.6953283","bucket":"104","time":1606081245238,"group":{"id":"tooltip.action.events","version":"1"},"event":{"count":1,"data":{"created":1606081245243},"id":"registered"}}
{"recorder_version":"40","session":"e5fef1f1f47b","build":"201.8743.12.41.6953283","bucket":"104","time":1606081245238,"group":{"id":"indexing","version":"2"},"event":{"count":1,"data":{"created":1606081245243},"id":"registered"}}
{"recorder_version":"40","session":"e5fef1f1f47b","build":"201.8743.12.41.6953283","bucket":"104","time":1606081245238,"group":{"id":"vcs","version":"3"},"event":{"count":1,"data":{"created":1606081245243},"id":"registered"}}
{"recorder_version":"40","session":"e5fef1f1f47b","build":"201.8743.12.41.6953283","bucket":"104","time":1606081245238,"group":{"id":"ui.dialogs","version":"40"},"event":{"count":1,"data":{"created":1606081245243},"id":"registered"}}
{"recorder_version":"40","session":"e5fef1f1f47b","build":"201.8743.12.41.6953283","bucket":"104","time":1606081245238,"group":{"id":"vcs.back.forward.trigger","version":"1"},"event":{"count":1,"data":{"created":1606081245243},"id":"registered"}}
{"recorder_version":"40","session":"e5fef1f1f47b","build":"201.8743.12.41.6953283","bucket":"104","time":1606081245238,"group":{"id":"customize.wizard","version":"1"},"event":{"count":1,"data":{"created":1606081245243},"id":"registered"}}
{"recorder_version":"40","session":"e5fef1f1f47b","build":"201.8743.12.41.6953283","bucket":"104","time":1606081245238,"group":{"id":"ide.update.dialog","version":"1"},"event":{"count":1,"data":{"created":1606081245244},"id":"registered"}}
{"recorder_version":"40","session":"e5fef1f1f47b","build":"201.8743.12.41.6953283","bucket":"104","time":1606081245238,"group":{"id":"toolbar","version":"40"},"event":{"count":1,"data":{"created":1606081245244},"id":"registered"}}
{"recorder_version":"40","session":"e5fef1f1f47b","build":"201.8743.12.41.6953283","bucket":"104","time":1606081245238,"group":{"id":"build.gradle.actions","version":"1"},"event":{"count":1,"data":{"created":1606081245244},"id":"registered"}}
{"recorder_version":"40","session":"e5fef1f1f47b","build":"201.8743.12.41.6953283","bucket":"104","time":1606081245238,"group":{"id":"oc.clangd.memoryLimitExceedances","version":"1"},"event":{"count":1,"data":{"created":1606081245244},"id":"registered"}}
{"recorder_version":"40","session":"e5fef1f1f47b","build":"201.8743.12.41.6953283","bucket":"104","time":1606081245238,"group":{"id":"performance","version":"40"},"event":{"count":1,"data":{"created":1606081245244},"id":"registered"}}
{"recorder_version":"40","session":"e5fef1f1f47b","build":"201.8743.12.41.6953283","bucket":"104","time":1606081245238,"group":{"id":"build","version":"2"},"event":{"count":1,"data":{"created":1606081245244},"id":"registered"}}
{"recorder_version":"40","session":"e5fef1f1f47b","build":"201.8743.12.41.6953283","bucket":"104","time":1606081245238,"group":{"id":"searchEverywhere","version":"4"},"event":{"count":1,"data":{"created":1606081245244},"id":"registered"}}
{"recorder_version":"40","session":"e5fef1f1f47b","build":"201.8743.12.41.6953283","bucket":"104","time":1606081245238,"group":{"id":"ui.tips","version":"3"},"event":{"count":1,"data":{"created":1606081245244},"id":"registered"}}
{"recorder_version":"40","session":"e5fef1f1f47b","build":"201.8743.12.41.6953283","bucket":"104","time":1606081245238,"group":{"id":"surround.with","version":"2"},"event":{"count":1,"data":{"created":1606081245244},"id":"registered"}}
{"recorder_version":"40","session":"e5fef1f1f47b","build":"201.8743.12.41.6953283","bucket":"104","time":1606081245238,"group":{"id":"import.old.config","version":"3"},"event":{"count":1,"data":{"created":1606081245244},"id":"registered"}}
{"recorder_version":"40","session":"e5fef1f1f47b","build":"201.8743.12.41.6953283","bucket":"104","time":1606081245238,"group":{"id":"completion.postfix","version":"40"},"event":{"count":1,"data":{"created":1606081245245},"id":"registered"}}
{"recorder_version":"40","session":"e5fef1f1f47b","build":"201.8743.12.41.6953283","bucket":"104","time":1606081245710,"group":{"id":"performance","version":"40"},"event":{"count":1,"data":{"duration_ms":"validation.undefined_rule","created":1606081245710},"id":"validation.undefined_rule"}}
{"recorder_version":"40","session":"e5fef1f1f47b","build":"201.8743.12.41.6953283","bucket":"104","time":1606081265370,"group":{"id":"lifecycle","version":"40"},"event":{"count":5,"data":{"last":1606081278715,"created":1606081265370,"project":"validation.undefined_rule"},"id":"validation.undefined_rule"}}
{"recorder_version":"40","session":"e5fef1f1f47b","build":"201.8743.12.41.6953283","bucket":"104","time":1606081282249,"group":{"id":"file.types.usage","version":"40"},"event":{"count":1,"data":{"file_path":"validation.undefined_rule","file_type":"validation.undefined_rule","created":1606081282249,"plugin_type":"validation.undefined_rule","project":"validation.undefined_rule"},"id":"validation.undefined_rule"}}
{"recorder_version":"40","session":"e5fef1f1f47b","build":"201.8743.12.41.6953283","bucket":"104","time":1606081282271,"group":{"id":"lifecycle","version":"40"},"event":{"count":1,"data":{"created":1606081282271,"project":"validation.undefined_rule"},"id":"validation.undefined_rule"}}
{"recorder_version":"40","session":"e5fef1f1f47b","build":"201.8743.12.41.6953283","bucket":"104","time":1606081282438,"group":{"id":"lifecycle","version":"40"},"event":{"count":1,"data":{"created":1606081282438},"id":"validation.undefined_rule"}}
{"recorder_version":"40","session":"e5fef1f1f47b","build":"201.8743.12.41.6953283","bucket":"104","time":1606081287069,"group":{"id":"event.log","version":"40"},"event":{"count":1,"data":{"created":1606081287069},"id":"validation.undefined_rule"}}
{"recorder_version":"40","session":"e5fef1f1f47b","build":"201.8743.12.41.6953283","bucket":"104","time":1606081287071,"group":{"id":"event.log","version":"40"},"event":{"count":1,"data":{"created":1606081287071,"succeed":"validation.undefined_rule"},"id":"validation.undefined_rule"}}
{"recorder_version":"40","session":"e5fef1f1f47b","build":"201.8743.12.41.6953283","bucket":"104","time":1606081287074,"group":{"id":"lifecycle","version":"40"},"event":{"count":1,"data":{"restart":"validation.undefined_rule","created":1606081287074},"id":"validation.undefined_rule"}}
